SF:/Volumes/safezone/workspace-alldely/geo_route_finder/lib/src/model/geo_edge.dart
DA:46,13
DA:60,11
DA:61,22
DA:62,55
DA:66,6
DA:68,0
DA:69,0
DA:70,0
DA:71,0
LF:9
LH:5
end_of_record
SF:/Volumes/safezone/workspace-alldely/geo_route_finder/lib/src/model/geo_graph.dart
DA:48,16
DA:58,0
DA:59,0
DA:62,3
DA:64,1
DA:65,1
DA:66,4
DA:67,5
LF:8
LH:6
end_of_record
SF:/Volumes/safezone/workspace-alldely/geo_route_finder/lib/src/model/geo_route.dart
DA:33,16
DA:49,40
DA:52,6
DA:55,3
DA:59,1
DA:61,5
DA:62,3
DA:63,1
DA:64,3
DA:67,1
DA:68,1
DA:69,4
DA:70,4
DA:71,1
LF:14
LH:14
end_of_record
SF:/Volumes/safezone/workspace-alldely/geo_route_finder/lib/src/model/geo_turn_restriction.dart
DA:44,3
DA:53,2
DA:62,4
DA:64,1
DA:65,1
DA:66,1
DA:67,3
DA:68,3
DA:94,3
DA:96,1
DA:98,1
DA:99,3
DA:100,3
DA:102,1
DA:103,3
DA:105,1
DA:106,3
DA:156,6
DA:168,1
DA:169,2
DA:170,2
DA:171,2
DA:172,2
DA:173,1
DA:175,1
DA:176,1
DA:177,2
DA:178,2
DA:179,2
DA:180,2
DA:181,3
DA:182,2
LF:32
LH:32
end_of_record
SF:/Volumes/safezone/workspace-alldely/geo_route_finder/lib/src/osm/osm_converter.dart
DA:82,6
DA:91,6
DA:98,2
DA:113,3
DA:114,3
DA:116,3
DA:118,3
DA:119,4
DA:120,4
DA:137,6
DA:145,6
DA:147,6
DA:149,12
DA:152,6
DA:153,6
DA:154,6
DA:155,6
DA:156,12
DA:158,6
DA:160,2
DA:163,4
DA:164,2
DA:176,6
DA:178,6
DA:180,12
DA:183,6
DA:184,24
DA:186,7
DA:188,3
DA:192,6
DA:193,9
DA:194,4
DA:199,9
DA:200,6
DA:206,6
DA:207,12
DA:208,6
DA:209,6
DA:210,6
DA:212,24
DA:214,12
DA:215,24
DA:216,12
DA:217,18
DA:219,30
DA:220,6
DA:221,6
DA:222,1
DA:223,1
DA:224,1
DA:225,1
DA:234,6
DA:235,6
DA:236,6
DA:237,6
DA:240,6
DA:250,12
DA:252,6
DA:258,6
DA:264,18
DA:280,6
DA:285,24
DA:287,6
DA:295,8
DA:296,2
DA:302,2
DA:303,2
DA:304,1
DA:316,2
DA:317,2
DA:320,2
DA:328,2
DA:331,2
DA:334,1
DA:338,2
DA:339,8
DA:340,2
DA:342,8
DA:343,2
DA:347,10
DA:348,1
DA:352,4
DA:353,2
DA:354,1
DA:358,2
DA:359,2
DA:361,4
DA:362,2
DA:365,4
DA:366,2
DA:374,2
DA:375,2
DA:385,2
DA:386,2
DA:387,2
DA:400,12
DA:401,6
DA:406,6
DA:443,2
DA:446,4
DA:449,4
DA:450,6
DA:451,2
DA:455,4
DA:456,4
DA:457,2
DA:458,6
DA:466,2
DA:467,2
DA:487,6
DA:492,6
DA:493,11
DA:495,4
DA:497,2
DA:498,2
DA:500,4
DA:503,4
DA:505,2
DA:506,2
DA:508,4
DA:509,2
DA:510,2
DA:514,2
DA:516,2
DA:517,2
DA:524,2
DA:526,4
DA:527,8
DA:528,4
DA:529,2
DA:532,6
DA:561,2
DA:567,4
DA:568,10
DA:571,4
DA:572,4
DA:575,2
DA:576,2
DA:577,2
DA:580,6
DA:582,2
DA:583,6
DA:585,4
DA:586,4
DA:599,2
DA:601,2
DA:602,8
DA:603,6
DA:605,8
DA:609,1
DA:610,1
DA:611,2
DA:617,1
DA:619,1
DA:627,1
DA:629,2
DA:630,1
DA:631,1
DA:633,5
DA:634,1
DA:635,1
DA:636,1
DA:637,1
DA:638,1
DA:642,3
DA:643,1
DA:644,1
DA:646,1
DA:647,1
DA:650,1
DA:652,1
DA:662,1
DA:667,1
DA:668,1
DA:669,2
DA:671,1
DA:673,1
DA:674,1
DA:679,6
DA:680,12
DA:682,6
DA:683,18
DA:684,24
DA:685,18
DA:688,6
DA:689,6
DA:690,3
DA:692,18
DA:695,6
DA:696,18
DA:703,18
DA:705,6
DA:708,18
DA:709,12
DA:711,18
DA:712,18
DA:715,6
DA:716,12
DA:717,18
DA:720,6
DA:722,4
DA:724,4
DA:726,4
DA:728,3
DA:732,6
DA:736,12
DA:738,4
DA:741,2
DA:742,1
DA:744,12
DA:746,12
DA:747,16
DA:748,10
DA:749,15
DA:751,10
DA:752,10
DA:755,10
DA:756,10
LF:218
LH:218
end_of_record
SF:/Volumes/safezone/workspace-alldely/geo_route_finder/lib/src/osm/osm_data_source.dart
DA:23,1
DA:24,0
DA:26,1
DA:27,3
LF:4
LH:3
end_of_record
SF:/Volumes/safezone/workspace-alldely/geo_route_finder/lib/src/osm/conditional_restriction.dart
DA:21,2
DA:24,2
DA:28,2
DA:29,6
DA:30,6
DA:32,2
DA:34,4
DA:35,2
DA:50,2
DA:51,2
DA:52,2
DA:54,6
DA:55,4
DA:56,8
DA:59,2
DA:63,2
DA:64,2
DA:69,4
DA:74,4
DA:75,2
DA:76,2
DA:89,4
DA:96,2
DA:99,4
DA:106,2
DA:107,2
DA:109,4
DA:110,4
DA:111,2
DA:113,2
DA:114,2
DA:115,1
DA:116,1
DA:117,1
DA:121,4
DA:122,6
DA:123,4
DA:127,2
DA:128,4
DA:129,2
DA:138,2
DA:139,8
DA:141,4
DA:142,2
DA:143,2
DA:145,2
DA:146,2
DA:148,4
DA:149,6
DA:154,2
DA:155,4
DA:156,2
DA:165,2
DA:166,4
DA:167,4
DA:169,4
DA:170,4
DA:172,8
DA:174,4
LF:59
LH:59
end_of_record
SF:/Volumes/safezone/workspace-alldely/geo_route_finder/lib/src/osm/vehicle_profile.dart
DA:54,16
DA:72,21
DA:181,0
DA:182,0
LF:4
LH:2
end_of_record
SF:/Volumes/safezone/workspace-alldely/geo_route_finder/lib/src/osm/way_access.dart
DA:27,28
DA:129,7
DA:130,14
DA:133,9
DA:136,7
DA:138,2
DA:142,7
DA:143,7
DA:145,7
DA:146,4
DA:147,1
DA:153,7
DA:156,7
DA:158,2
DA:163,10
DA:168,7
DA:173,7
DA:174,14
DA:176,7
DA:177,5
DA:178,2
DA:181,10
DA:182,5
DA:183,3
DA:200,7
DA:204,14
DA:205,11
DA:208,4
DA:209,6
DA:212,3
DA:213,3
DA:220,1
DA:221,2
DA:222,3
DA:301,2
DA:306,4
DA:310,6
DA:312,8
DA:313,2
DA:317,2
DA:319,2
DA:320,2
DA:321,4
DA:323,2
DA:328,2
DA:339,2
DA:343,4
DA:344,2
LF:48
LH:48
end_of_record
SF:/Volumes/safezone/workspace-alldely/geo_route_finder/lib/src/graph/graph_types.dart
DA:138,10
DA:157,8
DA:160,8
DA:161,11
DA:162,8
DA:164,9
DA:171,4
DA:174,9
DA:177,30
DA:178,27
DA:181,3
DA:184,4
DA:191,32
DA:194,3
DA:197,4
DA:200,48
DA:203,0
DA:206,0
DA:210,8
DA:211,16
DA:212,24
DA:213,8
DA:214,15
DA:215,7
DA:216,56
DA:222,0
DA:223,0
LF:27
LH:23
end_of_record
SF:/Volumes/safezone/workspace-alldely/geo_route_finder/lib/src/graph/graph_builder.dart
DA:48,16
DA:51,10
DA:52,10
DA:53,10
DA:57,10
DA:58,20
DA:59,20
DA:60,30
DA:61,10
DA:62,20
DA:63,20
DA:64,20
DA:70,20
DA:71,40
DA:72,20
DA:73,20
DA:76,20
DA:77,10
DA:78,30
DA:79,20
DA:81,10
DA:83,10
DA:84,10
DA:85,10
DA:86,20
DA:87,10
DA:88,10
DA:89,20
DA:90,20
DA:91,10
DA:97,20
DA:99,30
DA:100,10
DA:101,20
DA:102,20
DA:106,12
DA:107,4
DA:109,10
DA:110,20
DA:117,10
DA:118,10
DA:119,10
DA:120,10
DA:121,10
DA:122,10
DA:123,10
DA:124,10
DA:125,10
DA:130,10
DA:131,6
DA:135,30
DA:136,10
DA:137,20
DA:138,20
DA:140,10
DA:146,10
DA:147,10
DA:149,10
DA:150,10
DA:151,20
DA:152,50
DA:153,10
DA:154,10
DA:157,20
DA:158,10
DA:159,10
DA:160,10
DA:161,10
DA:162,10
DA:163,10
DA:164,20
DA:165,50
DA:166,10
DA:167,10
DA:168,20
DA:169,10
DA:170,10
DA:171,10
DA:176,20
DA:177,20
DA:178,40
DA:180,20
DA:181,40
DA:191,10
DA:192,10
DA:193,20
DA:194,40
DA:196,20
DA:197,10
DA:198,20
DA:199,30
DA:200,10
DA:201,10
DA:202,10
DA:203,10
DA:204,10
DA:205,10
DA:206,10
DA:207,17
DA:208,10
DA:209,5
DA:211,20
DA:217,20
DA:218,30
DA:221,10
DA:222,10
DA:223,10
DA:224,10
DA:225,10
DA:226,10
DA:227,20
DA:228,20
DA:232,20
DA:233,10
DA:234,20
DA:235,20
DA:236,20
DA:237,20
DA:238,20
DA:239,20
DA:240,10
DA:242,30
DA:243,10
DA:244,4
DA:245,4
DA:246,2
DA:248,6
DA:249,8
DA:250,2
DA:254,8
DA:255,4
DA:257,6
DA:258,8
DA:259,2
DA:265,10
DA:267,10
LF:136
LH:136
end_of_record
SF:/Volumes/safezone/workspace-alldely/geo_route_finder/lib/src/graph/graph_compressor.dart
DA:14,8
DA:22,0
DA:23,0
DA:26,0
DA:27,0
DA:29,0
DA:30,0
DA:31,0
DA:32,0
DA:33,0
DA:34,0
DA:60,10
DA:66,2
DA:70,8
DA:71,8
DA:74,16
DA:75,24
DA:76,40
DA:78,16
DA:79,32
DA:81,16
DA:82,8
DA:83,16
DA:84,56
DA:85,16
DA:86,24
DA:91,8
DA:92,16
DA:93,8
DA:95,8
DA:96,16
DA:97,24
DA:98,8
DA:103,8
DA:104,8
DA:105,8
DA:106,16
DA:109,16
DA:110,56
DA:111,24
DA:114,8
DA:115,16
DA:116,8
DA:117,24
DA:119,8
DA:120,8
DA:121,16
DA:122,8
DA:128,8
DA:129,8
DA:130,8
DA:131,24
DA:151,8
DA:153,8
DA:154,16
DA:155,8
DA:156,8
DA:157,48
DA:158,32
DA:159,16
DA:160,32
DA:161,40
DA:162,16
DA:163,24
DA:164,16
DA:165,16
DA:166,16
DA:167,8
DA:168,8
DA:169,8
DA:171,16
DA:172,32
DA:173,16
DA:174,14
DA:175,3
DA:181,8
DA:182,8
DA:183,56
DA:184,24
DA:186,0
DA:189,16
DA:190,16
DA:191,56
DA:193,16
DA:194,16
DA:195,16
DA:196,16
DA:197,16
DA:198,8
DA:199,8
DA:200,16
DA:202,16
DA:203,16
DA:204,8
DA:205,8
DA:207,24
DA:208,24
DA:209,24
DA:210,24
DA:218,8
DA:219,16
DA:220,16
DA:223,8
DA:232,16
DA:234,16
DA:235,16
DA:236,8
DA:237,8
DA:238,17
DA:240,16
DA:243,8
DA:245,8
DA:246,8
DA:261,8
DA:262,16
DA:264,8
DA:265,8
DA:266,8
DA:271,8
DA:278,16
DA:279,16
DA:280,16
DA:282,8
DA:292,16
DA:293,40
DA:294,11
DA:296,8
DA:297,24
DA:298,16
DA:300,8
DA:302,8
DA:303,8
DA:304,8
DA:305,16
DA:306,8
DA:307,24
DA:308,24
DA:309,24
DA:316,8
DA:319,9
DA:320,6
DA:321,6
DA:322,3
DA:324,3
DA:332,3
DA:335,3
DA:339,16
DA:340,24
DA:341,24
DA:343,16
DA:344,48
DA:345,42
DA:346,9
DA:347,3
DA:353,3
DA:354,1
DA:355,3
DA:356,1
DA:357,3
DA:358,1
DA:359,5
DA:362,8
DA:363,16
DA:364,16
DA:365,32
DA:367,16
DA:368,32
DA:371,8
DA:372,8
DA:373,8
DA:374,8
DA:375,8
DA:376,8
DA:377,8
DA:378,8
DA:379,16
DA:380,8
DA:381,16
DA:382,8
DA:384,8
DA:391,3
DA:392,3
DA:393,4
DA:394,9
DA:396,2
DA:397,1
DA:399,1
DA:401,3
DA:402,6
DA:406,16
DA:407,16
DA:408,16
DA:409,16
DA:413,32
DA:414,16
DA:415,24
DA:416,16
DA:417,16
DA:418,16
DA:421,24
DA:423,8
DA:434,8
DA:437,8
DA:446,8
DA:447,16
DA:449,8
DA:450,8
DA:466,9
DA:467,21
DA:468,6
DA:469,3
DA:482,9
DA:483,3
DA:484,3
DA:486,3
DA:510,3
DA:516,8
DA:517,24
DA:518,16
DA:519,8
DA:560,8
LF:221
LH:210
end_of_record
SF:/Volumes/safezone/workspace-alldely/geo_route_finder/lib/src/graph/turn_restriction_splitter.dart
DA:37,16
DA:41,8
DA:42,8
DA:47,3
DA:48,9
DA:49,9
DA:55,3
DA:58,6
DA:59,6
DA:60,6
DA:61,6
DA:66,2
DA:70,3
DA:71,3
DA:75,1
DA:79,12
DA:87,3
DA:92,6
DA:93,3
DA:95,18
DA:96,6
DA:107,6
DA:118,15
DA:119,6
DA:123,9
DA:124,6
DA:130,3
DA:135,3
DA:136,6
DA:139,3
DA:141,3
DA:159,3
DA:165,3
DA:166,24
DA:172,9
DA:174,6
DA:175,6
DA:178,18
DA:179,3
DA:181,12
DA:183,6
DA:184,3
DA:186,3
DA:187,3
DA:188,3
DA:194,6
DA:199,3
DA:226,3
DA:231,3
DA:232,3
DA:233,6
DA:234,12
DA:235,15
DA:240,9
DA:241,12
DA:242,6
DA:243,12
DA:246,3
DA:247,6
DA:250,12
DA:252,3
DA:253,21
DA:254,3
DA:255,3
DA:256,3
DA:257,6
DA:258,12
DA:266,5
DA:267,6
DA:268,5
DA:270,3
DA:274,3
DA:275,21
DA:276,9
DA:278,1
DA:286,3
DA:287,3
DA:288,6
DA:290,9
DA:291,9
DA:292,9
DA:293,9
DA:298,3
DA:300,9
DA:301,3
DA:302,3
DA:304,12
DA:305,12
DA:309,12
DA:310,6
DA:312,6
DA:315,3
DA:324,3
DA:327,3
DA:328,5
DA:330,9
DA:333,2
DA:334,1
DA:339,3
DA:340,3
DA:343,6
DA:344,3
DA:345,3
DA:346,3
DA:347,3
DA:348,3
DA:349,3
DA:350,3
DA:351,3
DA:352,3
DA:354,3
DA:355,9
DA:356,9
DA:357,9
DA:358,9
DA:359,9
DA:360,9
DA:361,9
DA:363,19
DA:365,4
DA:366,5
DA:368,9
DA:371,6
DA:372,6
DA:373,21
DA:374,6
DA:378,9
DA:379,3
DA:380,9
DA:392,27
DA:393,6
DA:394,12
DA:398,6
DA:400,3
DA:405,3
DA:406,3
DA:407,3
DA:408,3
DA:409,3
DA:410,3
DA:411,3
DA:412,3
DA:414,12
DA:459,16
DA:468,1
DA:469,1
DA:470,2
DA:471,3
DA:472,2
DA:484,3
LF:150
LH:150
end_of_record
SF:/Volumes/safezone/workspace-alldely/geo_route_finder/lib/src/spatial/kd_tree.dart
DA:13,16
DA:15,24
DA:33,36
DA:50,9
DA:51,36
DA:52,27
DA:54,9
DA:55,18
DA:56,27
DA:57,27
DA:73,9
DA:74,9
DA:76,18
DA:77,27
DA:78,28
DA:81,9
DA:83,18
DA:84,36
DA:86,18
DA:87,27
DA:88,9
DA:89,9
DA:95,4
DA:96,4
DA:98,27
DA:99,27
DA:101,9
DA:102,18
DA:103,18
DA:104,18
DA:105,18
DA:106,27
DA:111,9
DA:113,9
DA:114,9
DA:115,45
DA:118,9
DA:119,36
DA:120,8
DA:122,36
DA:123,9
DA:125,9
DA:126,18
DA:127,36
DA:128,18
DA:129,9
DA:130,9
DA:133,9
DA:135,9
DA:143,36
DA:146,9
DA:150,18
DA:151,36
DA:152,18
DA:153,9
DA:154,27
DA:155,18
DA:157,81
DA:158,18
DA:161,9
DA:162,9
DA:163,18
DA:164,18
DA:165,18
DA:166,18
DA:167,27
DA:168,18
DA:169,9
DA:170,9
DA:172,9
DA:173,9
DA:174,9
DA:175,18
DA:176,27
DA:177,9
DA:180,27
DA:181,41
DA:188,1
DA:193,1
DA:195,2
DA:196,4
DA:197,2
DA:198,1
DA:199,3
DA:200,5
DA:204,1
DA:213,1
DA:214,2
DA:215,2
DA:216,2
DA:217,2
DA:218,3
DA:219,4
DA:220,1
DA:221,1
DA:222,1
DA:223,2
DA:224,5
DA:226,3
DA:227,4
DA:232,0
LF:101
LH:100
end_of_record
SF:/Volumes/safezone/workspace-alldely/geo_route_finder/lib/src/spatial/nearest_node_search.dart
DA:16,8
DA:19,1
DA:20,2
DA:24,8
DA:25,32
DA:26,8
DA:27,2
DA:34,0
DA:35,0
LF:9
LH:7
end_of_record
SF:/Volumes/safezone/workspace-alldely/geo_route_finder/lib/src/storage/compiled_graph.dart
DA:26,4
DA:36,8
DA:37,4
DA:38,4
DA:39,4
DA:40,4
DA:41,4
DA:42,4
DA:43,12
DA:46,8
DA:47,4
DA:48,4
DA:49,4
DA:50,4
DA:51,4
DA:52,4
DA:53,8
DA:66,4
LF:18
LH:18
end_of_record
SF:/Volumes/safezone/workspace-alldely/geo_route_finder/lib/src/storage/local_file_storage.dart
DA:44,4
DA:52,4
DA:53,16
DA:55,16
DA:56,16
DA:57,16
DA:59,4
DA:65,12
DA:66,4
DA:68,12
DA:69,12
DA:70,4
DA:71,4
DA:73,4
DA:75,4
DA:76,8
DA:77,8
DA:80,4
DA:83,12
DA:84,12
DA:85,4
DA:86,4
DA:87,12
DA:90,4
DA:95,4
DA:96,8
DA:97,4
DA:99,4
DA:100,8
DA:102,8
DA:103,2
DA:104,1
DA:109,12
DA:110,12
DA:111,1
DA:112,1
DA:115,12
DA:116,12
DA:117,1
DA:118,1
DA:122,8
DA:123,8
DA:124,4
DA:127,4
DA:141,4
DA:142,4
DA:143,4
DA:146,4
DA:147,4
DA:149,4
DA:150,4
DA:151,4
DA:154,4
DA:156,4
DA:158,4
DA:163,2
DA:168,2
DA:170,1
DA:171,1
DA:172,1
DA:173,3
DA:174,7
DA:176,1
DA:177,3
DA:178,7
DA:179,2
DA:180,2
DA:181,2
DA:182,3
DA:183,1
DA:184,1
DA:185,2
DA:186,2
DA:190,2
DA:191,1
DA:196,1
DA:210,1
DA:211,1
DA:213,2
DA:220,3
DA:224,12
DA:226,1
DA:231,1
DA:232,5
DA:233,1
DA:234,2
LF:86
LH:86
end_of_record
SF:/Volumes/safezone/workspace-alldely/geo_route_finder/lib/src/serialization/checksum.dart
DA:7,12
DA:9,4
DA:10,4
DA:11,8
DA:13,8
DA:14,20
DA:16,4
DA:22,4
DA:24,4
DA:25,12
DA:26,24
DA:28,8
LF:12
LH:12
end_of_record
SF:/Volumes/safezone/workspace-alldely/geo_route_finder/lib/src/serialization/graph_serializer.dart
DA:69,10
DA:80,16
DA:83,5
DA:84,5
DA:85,5
DA:86,15
DA:88,5
DA:89,5
DA:92,5
DA:93,2
DA:96,1
DA:97,1
DA:103,30
DA:105,30
DA:108,15
DA:109,15
DA:111,5
DA:112,10
DA:113,5
DA:114,5
DA:115,5
DA:116,5
DA:117,5
DA:118,10
DA:119,5
DA:120,5
DA:121,5
DA:122,5
DA:123,10
DA:126,5
DA:127,25
DA:128,15
DA:131,5
DA:132,25
DA:133,15
DA:136,5
DA:137,25
DA:138,15
DA:141,10
DA:142,10
DA:143,10
DA:144,10
DA:145,10
DA:146,10
DA:147,10
DA:148,10
DA:149,10
DA:150,1
DA:152,25
DA:153,15
DA:154,25
DA:155,15
DA:156,25
DA:157,15
DA:159,3
DA:160,2
DA:161,3
DA:162,2
DA:180,1
DA:181,3
DA:182,6
DA:184,1
DA:185,2
DA:186,2
DA:189,2
DA:190,2
DA:191,1
DA:192,3
DA:193,2
DA:200,4
DA:201,8
DA:203,8
DA:204,4
DA:205,8
DA:206,4
DA:207,4
DA:208,4
DA:209,4
DA:210,4
DA:211,8
DA:212,4
DA:213,8
DA:214,16
LF:83
LH:83
end_of_record
SF:/Volumes/safezone/workspace-alldely/geo_route_finder/lib/src/serialization/graph_deserializer.dart
DA:12,16
DA:13,0
DA:14,0
DA:24,16
DA:26,5
DA:27,15
DA:32,5
DA:33,5
DA:34,10
DA:37,10
DA:38,10
DA:39,10
DA:40,10
DA:43,20
DA:44,5
DA:45,5
DA:46,4
DA:48,5
DA:49,10
DA:54,5
DA:55,5
DA:56,5
DA:57,5
DA:58,5
DA:60,5
DA:61,5
DA:62,5
DA:63,10
DA:64,10
DA:68,5
DA:69,10
DA:70,10
DA:74,5
DA:75,10
DA:76,10
DA:80,5
DA:81,10
DA:82,5
DA:86,5
DA:87,5
DA:88,5
DA:89,5
DA:90,5
DA:91,10
DA:92,10
DA:93,5
DA:94,10
DA:95,10
DA:96,1
DA:98,5
DA:99,5
DA:100,5
DA:104,10
DA:105,1
DA:106,2
DA:112,2
DA:113,3
DA:114,1
DA:115,3
DA:121,5
DA:145,1
DA:146,1
DA:147,2
DA:151,4
DA:152,1
DA:155,5
DA:156,2
DA:159,1
DA:161,2
DA:162,1
DA:163,1
DA:164,4
DA:165,2
DA:167,4
DA:168,1
DA:170,2
DA:171,1
DA:172,3
DA:179,4
DA:180,4
DA:181,8
DA:184,8
DA:185,8
DA:186,8
DA:187,8
DA:190,16
DA:191,4
DA:192,4
DA:193,2
DA:195,4
DA:196,8
DA:201,4
DA:205,20
DA:206,1
DA:207,3
DA:211,4
DA:212,16
DA:220,8
DA:221,20
DA:222,2
DA:223,1
DA:224,1
DA:228,4
LF:103
LH:101
end_of_record
SF:/Volumes/safezone/workspace-alldely/geo_route_finder/lib/src/routing/route_finder.dart
DA:89,16
DA:103,21
DA:131,7
DA:148,4
DA:151,14
DA:154,14
DA:157,14
DA:161,7
DA:162,7
DA:164,7
DA:165,7
DA:166,6
DA:167,6
DA:169,0
DA:170,0
DA:173,4
DA:174,8
DA:176,21
DA:178,0
DA:179,0
DA:192,14
DA:193,7
DA:194,7
DA:195,7
DA:198,7
DA:199,21
DA:202,7
DA:203,7
DA:205,7
DA:206,7
DA:224,7
DA:225,7
DA:226,7
DA:228,7
DA:230,9
DA:231,3
DA:232,15
DA:243,7
DA:244,21
DA:245,63
DA:248,14
DA:249,14
DA:250,8
DA:251,12
DA:252,8
DA:253,12
DA:258,7
DA:285,7
DA:286,14
DA:289,2
DA:290,2
DA:294,1
DA:295,4
DA:296,3
DA:312,7
DA:313,14
DA:314,13
DA:334,7
DA:335,7
DA:336,7
DA:338,21
DA:339,49
DA:340,7
DA:341,12
DA:345,14
DA:346,21
DA:347,14
DA:348,21
DA:349,7
DA:352,9
DA:353,7
DA:358,7
DA:361,7
DA:362,7
DA:363,14
DA:382,10
DA:388,3
DA:395,1
DA:396,1
DA:397,1
DA:399,7
DA:400,4
DA:401,3
DA:402,2
DA:440,7
DA:441,7
DA:442,6
DA:443,6
DA:447,2
DA:451,2
DA:452,4
DA:453,6
DA:455,2
DA:456,1
DA:457,7
DA:458,1
DA:459,2
DA:462,4
DA:468,2
DA:469,4
DA:470,6
DA:472,2
DA:473,1
DA:474,4
DA:475,4
DA:479,2
DA:480,2
DA:489,7
DA:490,7
DA:491,2
DA:492,2
DA:493,12
DA:497,7
DA:498,7
DA:501,14
DA:503,26
DA:506,6
DA:507,3
DA:508,3
DA:514,6
DA:523,6
DA:533,7
DA:540,7
DA:541,14
DA:544,7
DA:555,7
DA:557,21
DA:558,21
DA:559,14
DA:561,21
DA:562,6
DA:563,2
DA:564,4
DA:571,2
DA:573,6
DA:574,21
DA:575,7
DA:577,21
DA:579,2
DA:580,2
DA:581,2
DA:590,6
DA:600,2
DA:601,2
DA:602,8
DA:603,6
DA:604,8
DA:620,2
DA:631,2
DA:632,2
DA:633,4
DA:638,1
DA:639,8
DA:640,4
DA:642,6
DA:644,2
DA:645,1
DA:648,4
DA:650,6
DA:651,2
DA:652,2
DA:653,2
DA:654,4
DA:657,4
DA:658,8
DA:660,4
DA:661,4
DA:663,4
DA:664,2
DA:666,2
DA:667,4
DA:671,2
DA:672,6
DA:673,6
DA:676,2
DA:677,4
DA:678,4
DA:700,1
DA:701,1
DA:704,6
DA:708,2
DA:714,2
DA:715,4
DA:717,4
DA:718,2
DA:724,2
DA:725,1
DA:726,1
DA:734,2
DA:735,6
DA:738,1
DA:746,2
DA:752,2
DA:753,2
DA:754,4
DA:755,6
DA:756,6
DA:764,4
DA:766,2
DA:767,2
DA:768,2
DA:769,2
DA:771,2
DA:772,2
DA:773,2
DA:774,4
DA:775,2
DA:776,14
DA:777,4
DA:778,2
DA:779,4
DA:780,2
DA:781,4
DA:782,6
DA:783,4
DA:784,2
DA:785,6
DA:786,2
DA:787,2
DA:788,2
DA:793,4
DA:795,2
DA:796,2
DA:800,2
DA:801,2
DA:802,2
DA:803,2
DA:804,6
DA:805,6
DA:806,2
DA:807,2
DA:809,2
DA:810,4
DA:811,4
DA:819,7
DA:820,7
DA:821,7
DA:822,28
DA:825,28
DA:826,14
DA:827,21
DA:828,21
DA:829,14
DA:830,35
DA:832,7
DA:833,7
DA:837,28
DA:848,7
DA:855,7
DA:856,7
DA:857,7
DA:860,7
DA:861,7
DA:862,7
DA:863,7
DA:864,21
DA:865,7
DA:866,7
DA:868,7
DA:869,14
DA:870,14
DA:878,0
DA:879,0
DA:880,0
DA:882,0
DA:883,0
DA:884,0
LF:267
LH:257
end_of_record
SF:/Volumes/safezone/workspace-alldely/geo_route_finder/lib/src/routing/priority_queue.dart
DA:17,7
DA:18,14
DA:19,14
DA:21,12
DA:22,21
DA:23,0
DA:25,0
DA:27,7
DA:28,29
DA:29,14
DA:30,14
DA:31,14
DA:33,7
DA:34,12
DA:35,30
DA:36,4
DA:42,18
DA:45,0
DA:48,7
DA:49,14
DA:50,14
DA:51,14
DA:52,30
DA:53,30
DA:54,6
DA:59,6
DA:60,6
DA:62,12
DA:63,6
DA:65,31
DA:66,31
DA:67,6
DA:68,5
DA:73,5
DA:74,10
DA:75,20
DA:76,10
DA:77,10
DA:78,20
DA:79,10
DA:82,1
DA:83,3
DA:84,1
DA:85,1
DA:86,3
DA:87,3
DA:88,1
DA:89,1
LF:48
LH:45
end_of_record
SF:/Volumes/safezone/workspace-alldely/geo_route_finder/lib/src/routing/dijkstra_router.dart
DA:13,6
DA:20,6
DA:22,6
DA:23,6
DA:24,12
DA:25,18
DA:26,18
DA:28,6
DA:29,6
DA:30,6
DA:33,6
DA:34,6
DA:35,6
DA:36,12
DA:37,6
DA:38,6
DA:39,42
DA:40,12
DA:41,6
DA:44,6
DA:45,6
DA:46,12
DA:47,6
DA:48,12
DA:49,6
DA:50,6
DA:51,6
DA:52,6
DA:57,6
DA:58,12
DA:59,6
DA:64,6
LF:32
LH:32
end_of_record
SF:/Volumes/safezone/workspace-alldely/geo_route_finder/lib/src/routing/astar_router.dart
DA:20,5
DA:29,5
DA:31,5
DA:33,15
DA:34,10
DA:35,10
DA:36,15
DA:37,5
DA:40,5
DA:43,5
DA:44,50
DA:45,5
DA:47,5
DA:49,5
DA:50,5
DA:51,5
DA:53,10
DA:54,15
DA:55,15
DA:56,5
DA:58,5
DA:59,5
DA:60,10
DA:63,5
DA:64,5
DA:65,10
DA:66,5
DA:67,5
DA:68,5
DA:69,5
DA:70,35
DA:71,10
DA:72,5
DA:75,5
DA:76,5
DA:77,10
DA:78,10
DA:79,5
DA:80,10
DA:81,5
DA:82,5
DA:83,5
DA:84,15
DA:89,5
DA:90,10
DA:91,5
DA:96,5
LF:47
LH:47
end_of_record
SF:/Volumes/safezone/workspace-alldely/geo_route_finder/lib/src/routing/contraction_hierarchy.dart
DA:16,4
DA:31,4
DA:41,4
DA:74,4
DA:79,4
DA:80,12
DA:82,1
DA:84,2
DA:85,2
DA:86,2
DA:88,1
DA:91,2
DA:97,4
DA:98,12
DA:100,1
DA:102,2
DA:103,2
DA:104,2
DA:106,1
DA:135,4
DA:160,4
DA:162,4
DA:165,4
DA:166,4
DA:167,4
DA:168,8
DA:169,16
DA:170,16
DA:171,8
DA:172,16
DA:173,8
DA:175,4
DA:177,12
DA:190,2
DA:202,4
DA:204,8
DA:205,4
DA:206,8
DA:207,36
DA:208,12
DA:209,12
DA:213,8
DA:214,8
DA:215,12
DA:218,4
DA:219,4
DA:220,12
DA:221,4
DA:222,12
DA:223,8
DA:226,4
DA:229,4
DA:233,4
DA:234,4
DA:237,4
DA:238,4
DA:239,8
DA:240,12
DA:241,4
DA:246,4
DA:249,4
DA:250,4
DA:251,12
DA:252,8
DA:253,16
DA:254,8
DA:255,3
DA:256,20
DA:262,4
DA:263,4
DA:264,12
DA:265,8
DA:266,16
DA:267,8
DA:268,3
DA:269,20
DA:275,4
DA:276,4
DA:277,4
DA:278,4
DA:279,8
DA:281,8
DA:282,12
DA:284,8
DA:285,4
DA:286,4
DA:287,12
DA:288,8
DA:289,4
DA:290,4
DA:291,4
DA:292,12
DA:293,4
DA:294,4
DA:295,4
DA:296,28
DA:306,4
DA:307,4
DA:308,4
DA:309,4
DA:311,4
DA:312,4
DA:313,4
DA:314,4
DA:315,4
DA:316,4
DA:317,12
DA:318,12
DA:319,8
DA:320,4
DA:321,16
DA:322,8
DA:323,4
DA:324,4
DA:325,4
DA:326,4
DA:327,4
DA:334,4
DA:335,4
DA:336,4
DA:337,8
DA:338,12
DA:339,16
DA:342,4
DA:343,4
DA:344,8
DA:345,8
DA:346,8
DA:347,32
DA:349,16
DA:350,16
DA:352,4
DA:353,8
DA:354,8
DA:356,8
DA:357,16
DA:358,8
DA:359,12
DA:363,4
DA:364,4
DA:365,4
DA:366,8
DA:367,28
DA:368,12
DA:370,12
DA:373,12
DA:374,12
DA:375,8
DA:376,28
DA:377,28
DA:379,16
DA:380,16
DA:381,8
DA:382,8
DA:383,16
DA:384,8
DA:385,28
DA:386,20
DA:388,20
DA:393,4
DA:407,1
DA:419,4
DA:420,4
DA:425,8
DA:426,1
DA:429,4
DA:433,3
DA:438,4
DA:444,8
DA:445,8
DA:446,8
DA:447,12
DA:448,12
DA:449,12
DA:450,12
DA:452,4
DA:453,4
DA:458,12
DA:459,12
DA:460,12
DA:462,12
DA:463,12
DA:464,12
DA:468,4
DA:473,12
DA:474,12
DA:475,3
DA:476,2
DA:477,1
DA:481,6
DA:482,8
DA:483,8
DA:484,8
DA:486,4
DA:487,4
DA:488,4
DA:489,8
DA:490,4
DA:491,28
DA:492,8
DA:493,8
DA:494,4
DA:495,8
DA:496,8
DA:497,4
DA:498,4
DA:499,4
DA:500,4
DA:501,20
DA:502,8
DA:508,4
DA:509,4
DA:510,8
DA:511,4
DA:512,27
DA:513,6
DA:514,6
DA:515,3
DA:516,6
DA:517,6
DA:518,3
DA:519,3
DA:520,3
DA:521,3
DA:522,12
DA:523,2
DA:531,4
DA:532,4
DA:536,4
DA:538,8
DA:539,8
DA:540,4
DA:543,8
DA:546,4
DA:548,8
DA:549,6
DA:550,3
DA:555,4
DA:556,4
DA:557,8
DA:558,7
DA:559,4
DA:562,4
DA:565,4
DA:566,4
DA:567,4
DA:572,1
DA:573,2
DA:580,4
DA:581,4
DA:582,4
DA:585,8
DA:586,12
DA:587,12
DA:588,12
DA:591,4
DA:608,4
DA:609,4
DA:610,4
DA:611,8
DA:615,1
DA:616,1
DA:617,2
DA:618,1
DA:620,1
DA:621,1
DA:622,1
DA:623,3
DA:625,2
DA:628,7
DA:629,1
DA:630,2
DA:631,3
DA:632,3
DA:633,2
DA:634,2
DA:635,2
DA:636,1
DA:640,2
DA:641,1
DA:642,1
DA:643,3
DA:644,3
DA:645,2
DA:646,2
DA:647,2
DA:648,1
DA:657,4
DA:658,8
DA:659,8
DA:660,8
DA:663,4
DA:664,4
DA:668,0
DA:670,0
DA:671,0
LF:296
LH:293
end_of_record
