SF:/Volumes/safezone/workspace-alldely/geo_route_finder/lib/src/model/geo_edge.dart
DA:34,9
DA:47,7
DA:48,14
DA:49,35
DA:53,6
DA:55,0
DA:56,0
DA:57,0
DA:58,0
LF:9
LH:5
end_of_record
SF:/Volumes/safezone/workspace-alldely/geo_route_finder/lib/src/model/geo_graph.dart
DA:35,10
DA:44,0
DA:45,0
DA:48,3
DA:50,0
DA:51,0
DA:52,0
DA:53,0
LF:8
LH:2
end_of_record
SF:/Volumes/safezone/workspace-alldely/geo_route_finder/lib/src/model/geo_route.dart
DA:33,10
DA:49,20
DA:52,6
DA:55,3
DA:59,1
DA:61,5
DA:62,3
DA:63,1
DA:64,3
DA:67,0
DA:68,0
DA:69,0
DA:70,0
DA:71,0
LF:14
LH:9
end_of_record
SF:/Volumes/safezone/workspace-alldely/geo_route_finder/lib/src/osm/osm_converter.dart
DA:59,4
DA:66,4
DA:80,2
DA:81,2
DA:83,2
DA:85,2
DA:86,4
DA:87,4
DA:104,4
DA:106,4
DA:108,8
DA:111,4
DA:112,4
DA:113,4
DA:114,8
DA:125,4
DA:128,8
DA:131,4
DA:132,16
DA:134,4
DA:136,2
DA:140,4
DA:141,8
DA:146,4
DA:147,8
DA:148,4
DA:149,4
DA:150,4
DA:151,4
DA:152,16
DA:153,8
DA:154,12
DA:156,20
DA:157,4
DA:158,4
DA:159,1
DA:160,1
DA:161,1
DA:162,1
DA:170,4
DA:171,4
DA:172,4
DA:173,4
DA:176,4
DA:184,8
DA:186,4
DA:192,12
DA:197,0
DA:198,0
DA:199,0
DA:200,0
DA:201,0
DA:202,0
DA:204,0
DA:205,0
DA:208,0
DA:210,0
DA:220,0
DA:225,0
DA:226,0
DA:227,0
DA:229,0
DA:231,0
DA:232,0
DA:237,4
DA:238,8
DA:240,4
DA:241,12
DA:242,4
DA:243,12
DA:249,4
DA:250,12
DA:251,8
DA:253,3
DA:258,4
DA:259,4
DA:260,3
DA:262,12
DA:265,4
DA:266,12
DA:267,12
DA:268,8
DA:270,12
DA:271,12
DA:274,4
DA:275,8
DA:276,12
DA:279,4
DA:281,4
DA:283,4
DA:285,4
DA:287,3
DA:291,4
DA:295,8
DA:297,4
DA:300,2
DA:301,1
DA:303,8
DA:305,8
DA:306,10
DA:307,6
DA:308,9
DA:310,6
DA:311,6
DA:314,6
DA:315,6
LF:106
LH:89
end_of_record
SF:/Volumes/safezone/workspace-alldely/geo_route_finder/lib/src/osm/osm_data_source.dart
DA:23,1
DA:24,0
DA:26,1
DA:27,3
LF:4
LH:3
end_of_record
SF:/Volumes/safezone/workspace-alldely/geo_route_finder/lib/src/osm/vehicle_profile.dart
DA:43,10
DA:149,0
DA:150,0
LF:3
LH:1
end_of_record
SF:/Volumes/safezone/workspace-alldely/geo_route_finder/lib/src/graph/graph_types.dart
DA:69,6
DA:83,18
DA:84,15
DA:87,3
DA:90,4
DA:93,3
DA:96,0
DA:99,24
DA:102,0
DA:105,0
DA:109,4
DA:110,8
DA:111,12
DA:112,4
DA:113,8
DA:114,4
DA:115,32
DA:121,0
DA:122,0
LF:19
LH:14
end_of_record
SF:/Volumes/safezone/workspace-alldely/geo_route_finder/lib/src/graph/graph_builder.dart
DA:48,10
DA:51,6
DA:52,6
DA:53,6
DA:57,6
DA:58,12
DA:59,12
DA:60,18
DA:61,6
DA:62,12
DA:63,12
DA:64,12
DA:70,12
DA:71,24
DA:72,12
DA:73,12
DA:76,12
DA:77,6
DA:78,18
DA:79,12
DA:81,6
DA:83,6
DA:84,6
DA:85,6
DA:86,12
DA:87,6
DA:88,6
DA:89,12
DA:90,12
DA:91,6
DA:97,12
DA:99,18
DA:100,6
DA:101,12
DA:102,12
DA:106,7
DA:107,2
DA:109,6
DA:110,12
DA:117,6
DA:118,6
DA:119,6
DA:120,6
DA:121,6
DA:122,6
DA:123,6
DA:124,6
DA:129,6
DA:130,6
DA:134,18
DA:135,6
DA:136,12
DA:137,12
DA:139,6
DA:145,6
DA:146,6
DA:148,6
DA:149,6
DA:150,12
DA:151,30
DA:152,6
DA:153,6
DA:154,6
DA:155,6
DA:156,6
DA:157,6
DA:158,6
DA:159,6
DA:160,12
DA:161,30
DA:162,6
DA:163,6
DA:164,6
DA:165,6
DA:166,6
DA:171,12
DA:172,12
DA:173,24
DA:175,12
DA:176,24
DA:186,6
DA:187,6
DA:188,12
DA:189,24
DA:191,12
DA:192,6
DA:193,12
DA:194,18
DA:195,6
DA:196,6
DA:197,6
DA:198,6
DA:199,6
DA:200,6
DA:201,6
DA:202,11
DA:203,6
DA:204,3
DA:206,12
DA:212,12
DA:213,18
DA:216,6
DA:217,6
DA:218,6
DA:219,6
DA:220,6
DA:221,12
DA:222,12
DA:226,12
DA:227,6
DA:228,12
DA:229,12
DA:230,12
DA:231,12
DA:232,12
DA:233,6
DA:235,18
DA:236,6
DA:237,2
DA:238,2
DA:239,1
DA:241,3
DA:242,4
DA:243,1
DA:247,4
DA:248,2
DA:250,3
DA:251,4
DA:252,1
DA:258,6
DA:260,6
LF:131
LH:131
end_of_record
SF:/Volumes/safezone/workspace-alldely/geo_route_finder/lib/src/graph/graph_compressor.dart
DA:14,4
DA:22,0
DA:23,0
DA:26,0
DA:27,0
DA:29,0
DA:30,0
DA:31,0
DA:32,0
DA:33,0
DA:34,0
DA:60,6
DA:66,2
DA:70,4
DA:71,4
DA:74,8
DA:75,12
DA:76,20
DA:78,8
DA:79,16
DA:81,8
DA:82,4
DA:83,8
DA:84,28
DA:85,8
DA:86,12
DA:91,4
DA:92,8
DA:93,4
DA:95,4
DA:96,8
DA:97,12
DA:98,4
DA:103,4
DA:104,4
DA:105,4
DA:106,8
DA:109,8
DA:110,28
DA:111,12
DA:114,4
DA:115,8
DA:116,4
DA:117,12
DA:119,4
DA:120,4
DA:121,8
DA:122,4
DA:128,4
DA:129,4
DA:130,4
DA:131,12
DA:135,4
DA:136,8
DA:137,4
DA:138,24
DA:139,16
DA:140,8
DA:141,16
DA:142,20
DA:143,8
DA:144,12
DA:145,8
DA:146,8
DA:147,8
DA:148,4
DA:149,4
DA:150,4
DA:152,8
DA:153,16
DA:154,8
DA:155,8
DA:156,2
DA:162,4
DA:163,4
DA:164,28
DA:165,12
DA:167,0
DA:170,8
DA:171,8
DA:172,28
DA:174,8
DA:175,8
DA:176,8
DA:177,8
DA:178,8
DA:179,8
DA:181,8
DA:182,8
DA:183,4
DA:184,4
DA:186,12
DA:187,12
DA:188,12
DA:189,12
DA:190,8
DA:191,8
DA:194,4
DA:195,8
DA:199,4
DA:200,8
DA:202,4
DA:203,4
DA:204,4
DA:209,4
DA:216,8
DA:217,8
DA:218,8
DA:220,4
DA:221,28
DA:222,4
DA:223,12
DA:224,8
DA:226,4
DA:228,4
DA:229,4
DA:230,4
DA:231,8
DA:232,4
DA:233,12
DA:234,12
DA:235,12
DA:238,8
DA:239,12
DA:240,12
DA:242,8
DA:243,24
DA:244,24
DA:245,9
DA:248,4
DA:249,8
DA:250,8
DA:251,16
DA:253,8
DA:254,16
DA:257,4
DA:258,4
DA:259,4
DA:260,4
DA:261,4
DA:262,8
DA:263,4
DA:264,8
DA:265,4
DA:266,8
DA:267,8
DA:268,8
DA:269,8
DA:273,16
DA:274,12
DA:275,8
DA:276,8
DA:277,8
DA:280,12
DA:282,4
DA:292,4
DA:297,4
DA:298,12
DA:299,8
DA:300,4
DA:326,4
LF:161
LH:150
end_of_record
SF:/Volumes/safezone/workspace-alldely/geo_route_finder/lib/src/spatial/kd_tree.dart
DA:13,10
DA:15,12
DA:33,20
DA:50,5
DA:51,20
DA:52,15
DA:54,5
DA:55,10
DA:56,15
DA:57,15
DA:63,5
DA:64,5
DA:65,5
DA:66,10
DA:67,5
DA:70,10
DA:71,15
DA:73,10
DA:74,15
DA:75,5
DA:76,5
DA:82,3
DA:83,3
DA:85,15
DA:86,15
DA:88,5
DA:89,10
DA:90,10
DA:91,10
DA:92,10
DA:93,15
DA:98,5
DA:100,5
DA:101,5
DA:102,25
DA:105,5
DA:106,20
DA:107,5
DA:109,20
DA:110,5
DA:112,5
DA:113,10
DA:114,20
DA:115,10
DA:116,5
DA:117,5
DA:120,5
DA:122,5
DA:130,20
DA:133,5
DA:134,15
DA:135,20
DA:136,10
DA:137,5
DA:138,15
DA:139,10
DA:141,45
DA:142,10
DA:145,5
DA:146,5
DA:147,10
DA:148,10
DA:149,10
DA:150,10
DA:151,15
DA:152,10
DA:153,5
DA:154,5
DA:156,5
DA:157,5
DA:158,5
DA:159,10
DA:160,15
DA:161,6
DA:164,15
DA:165,25
DA:172,1
DA:177,1
DA:178,3
DA:179,4
DA:180,2
DA:181,1
DA:182,3
DA:183,5
DA:187,1
DA:196,1
DA:197,2
DA:198,2
DA:199,2
DA:200,2
DA:201,3
DA:202,4
DA:203,1
DA:204,1
DA:205,1
DA:206,2
DA:207,5
DA:209,3
DA:210,4
DA:215,0
LF:100
LH:99
end_of_record
SF:/Volumes/safezone/workspace-alldely/geo_route_finder/lib/src/spatial/nearest_node_search.dart
DA:16,4
DA:19,1
DA:20,2
DA:24,4
DA:25,16
DA:26,4
DA:27,2
DA:34,0
DA:35,0
LF:9
LH:7
end_of_record
SF:/Volumes/safezone/workspace-alldely/geo_route_finder/lib/src/storage/compiled_graph.dart
DA:26,3
DA:36,6
DA:37,3
DA:38,3
DA:39,3
DA:40,3
DA:41,3
DA:42,3
DA:43,9
DA:46,6
DA:47,3
DA:48,3
DA:49,3
DA:50,3
DA:51,3
DA:52,3
DA:53,6
DA:66,3
LF:18
LH:18
end_of_record
SF:/Volumes/safezone/workspace-alldely/geo_route_finder/lib/src/storage/local_file_storage.dart
DA:42,3
DA:50,3
DA:51,12
DA:53,12
DA:54,12
DA:55,12
DA:57,3
DA:63,9
DA:64,3
DA:66,9
DA:67,9
DA:68,3
DA:69,3
DA:71,3
DA:73,3
DA:74,6
DA:75,6
DA:78,3
DA:81,9
DA:82,9
DA:83,3
DA:84,3
DA:85,9
DA:88,3
DA:93,3
DA:94,6
DA:95,3
DA:97,3
DA:98,6
DA:100,6
DA:101,0
DA:102,0
DA:107,9
DA:108,9
DA:109,1
DA:110,1
DA:113,9
DA:114,9
DA:115,0
DA:116,0
DA:120,6
DA:121,6
DA:122,3
DA:125,3
DA:131,3
DA:132,3
DA:133,3
DA:135,3
DA:136,3
DA:137,3
DA:140,3
DA:142,3
DA:144,3
DA:149,1
DA:154,1
DA:156,0
DA:157,0
DA:158,0
DA:159,0
DA:161,0
DA:162,0
DA:163,0
DA:164,0
DA:165,0
DA:166,0
DA:167,0
DA:168,0
DA:169,0
DA:170,0
DA:171,0
DA:175,0
DA:180,0
DA:183,3
DA:187,12
DA:189,1
DA:194,1
DA:195,5
DA:196,1
DA:197,2
LF:79
LH:58
end_of_record
SF:/Volumes/safezone/workspace-alldely/geo_route_finder/lib/src/serialization/checksum.dart
DA:7,9
DA:9,3
DA:10,3
DA:11,6
DA:13,6
DA:14,15
DA:16,3
DA:22,3
DA:24,3
DA:25,9
DA:26,18
DA:28,6
LF:12
LH:12
end_of_record
SF:/Volumes/safezone/workspace-alldely/geo_route_finder/lib/src/serialization/graph_serializer.dart
DA:34,6
DA:45,10
DA:48,3
DA:49,3
DA:50,3
DA:51,9
DA:54,18
DA:55,15
DA:56,3
DA:57,9
DA:59,3
DA:60,6
DA:61,3
DA:62,3
DA:63,3
DA:64,3
DA:65,3
DA:66,6
DA:67,3
DA:68,3
DA:69,3
DA:72,3
DA:73,15
DA:74,9
DA:77,3
DA:78,15
DA:79,9
DA:82,3
DA:83,15
DA:84,9
DA:87,6
DA:88,6
DA:89,6
DA:90,6
DA:91,6
DA:92,6
DA:93,6
DA:94,6
DA:95,6
DA:97,15
DA:98,9
DA:99,15
DA:100,9
DA:107,3
DA:108,6
DA:110,6
DA:111,3
DA:112,6
DA:113,3
DA:114,3
DA:115,3
DA:116,3
DA:117,3
DA:118,6
DA:119,3
DA:120,6
DA:121,12
LF:57
LH:57
end_of_record
SF:/Volumes/safezone/workspace-alldely/geo_route_finder/lib/src/serialization/graph_deserializer.dart
DA:11,10
DA:12,0
DA:13,0
DA:23,10
DA:25,3
DA:26,9
DA:31,3
DA:32,3
DA:33,6
DA:36,6
DA:37,6
DA:38,6
DA:39,6
DA:42,12
DA:43,3
DA:44,3
DA:45,0
DA:47,3
DA:48,6
DA:53,3
DA:54,3
DA:55,3
DA:57,3
DA:58,3
DA:59,3
DA:60,6
DA:61,6
DA:65,3
DA:66,6
DA:67,6
DA:71,3
DA:72,6
DA:73,6
DA:77,3
DA:78,6
DA:79,3
DA:83,3
DA:84,3
DA:85,3
DA:86,3
DA:87,3
DA:88,6
DA:89,6
DA:90,3
DA:91,6
DA:92,3
DA:93,3
DA:95,3
DA:111,3
DA:112,3
DA:113,6
DA:116,6
DA:117,6
DA:118,6
DA:119,6
DA:122,12
DA:123,3
DA:124,3
DA:125,0
DA:127,3
DA:128,6
DA:133,3
DA:134,3
DA:135,12
DA:136,3
LF:65
LH:61
end_of_record
SF:/Volumes/safezone/workspace-alldely/geo_route_finder/lib/src/routing/route_finder.dart
DA:79,10
DA:93,9
DA:121,3
DA:138,4
DA:141,6
DA:144,6
DA:147,6
DA:151,3
DA:152,3
DA:154,3
DA:155,3
DA:156,6
DA:157,6
DA:159,0
DA:160,0
DA:163,4
DA:164,8
DA:166,9
DA:168,0
DA:169,0
DA:177,9
DA:178,3
DA:179,9
DA:182,3
DA:183,3
DA:188,2
DA:194,3
DA:200,3
DA:201,6
DA:204,3
DA:214,3
DA:216,9
DA:217,9
DA:218,6
DA:220,9
DA:221,0
DA:222,0
DA:223,0
DA:230,1
DA:232,3
DA:233,9
DA:234,3
DA:236,9
DA:238,1
DA:239,1
DA:240,1
DA:248,3
DA:258,1
DA:259,1
DA:260,4
DA:261,3
DA:262,4
DA:278,1
DA:288,1
DA:289,1
DA:290,2
DA:295,0
DA:296,4
DA:297,2
DA:299,3
DA:301,2
DA:302,1
DA:305,2
DA:307,3
DA:308,1
DA:309,1
DA:310,1
DA:311,2
DA:314,2
DA:315,4
DA:317,2
DA:318,2
DA:320,2
DA:321,1
DA:323,1
DA:324,2
DA:328,1
DA:329,5
DA:330,3
DA:333,1
DA:334,2
DA:335,2
DA:344,1
DA:345,1
DA:346,1
DA:347,2
DA:348,3
DA:349,3
DA:351,1
DA:352,1
DA:353,1
DA:355,1
DA:356,1
DA:357,1
DA:358,2
DA:359,1
DA:360,7
DA:361,2
DA:362,1
DA:363,2
DA:364,3
DA:365,2
DA:366,1
DA:367,1
DA:368,1
DA:369,1
DA:374,2
DA:376,1
DA:377,1
DA:381,1
DA:382,1
DA:383,1
DA:384,1
DA:385,3
DA:386,3
DA:387,1
DA:388,1
DA:390,1
DA:391,2
DA:392,2
DA:400,3
DA:401,3
DA:402,3
DA:403,12
DA:406,12
DA:407,6
DA:408,9
DA:409,9
DA:410,6
DA:411,15
DA:413,3
DA:414,3
DA:418,12
DA:429,3
DA:436,3
DA:437,3
DA:438,3
DA:441,3
DA:442,3
DA:443,3
DA:444,3
DA:445,9
DA:446,3
DA:447,3
DA:449,3
DA:450,6
DA:451,6
DA:459,0
DA:460,0
DA:461,0
DA:463,0
DA:464,0
DA:465,0
LF:153
LH:139
end_of_record
SF:/Volumes/safezone/workspace-alldely/geo_route_finder/lib/src/routing/priority_queue.dart
DA:17,3
DA:18,6
DA:19,6
DA:21,6
DA:22,9
DA:23,0
DA:25,0
DA:27,3
DA:28,13
DA:29,6
DA:30,6
DA:31,6
DA:33,3
DA:34,6
DA:35,15
DA:36,2
DA:42,6
DA:45,0
DA:48,3
DA:49,6
DA:50,6
DA:51,6
DA:52,15
DA:53,15
DA:54,3
DA:59,3
DA:60,3
DA:62,6
DA:63,3
DA:65,18
DA:66,18
DA:67,3
DA:68,3
DA:73,3
DA:74,6
DA:75,12
DA:76,6
DA:77,6
DA:78,12
DA:79,6
DA:82,1
DA:83,3
DA:84,1
DA:85,1
DA:86,3
DA:87,3
DA:88,1
DA:89,1
LF:48
LH:45
end_of_record
SF:/Volumes/safezone/workspace-alldely/geo_route_finder/lib/src/routing/dijkstra_router.dart
DA:13,2
DA:20,2
DA:22,2
DA:23,2
DA:24,4
DA:25,6
DA:26,6
DA:28,2
DA:29,2
DA:30,2
DA:33,2
DA:34,2
DA:35,2
DA:36,4
DA:37,2
DA:38,2
DA:39,14
DA:40,4
DA:41,2
DA:42,4
DA:43,2
DA:44,4
DA:45,2
DA:46,2
DA:47,2
DA:48,2
DA:53,2
DA:54,4
DA:55,2
DA:60,2
LF:30
LH:30
end_of_record
SF:/Volumes/safezone/workspace-alldely/geo_route_finder/lib/src/routing/astar_router.dart
DA:20,3
DA:29,3
DA:31,3
DA:33,9
DA:34,6
DA:35,6
DA:36,9
DA:37,3
DA:40,3
DA:43,3
DA:44,30
DA:45,3
DA:47,3
DA:49,3
DA:50,3
DA:51,3
DA:53,6
DA:54,9
DA:55,9
DA:56,3
DA:58,3
DA:59,3
DA:60,6
DA:63,3
DA:64,3
DA:65,6
DA:66,3
DA:67,3
DA:68,3
DA:69,3
DA:70,21
DA:71,6
DA:72,3
DA:73,6
DA:74,6
DA:75,3
DA:76,6
DA:77,3
DA:78,3
DA:79,3
DA:80,9
DA:85,3
DA:86,6
DA:87,3
DA:92,3
LF:45
LH:45
end_of_record
SF:/Volumes/safezone/workspace-alldely/geo_route_finder/lib/src/routing/contraction_hierarchy.dart
DA:16,2
DA:31,2
DA:41,2
DA:73,2
DA:98,2
DA:100,2
DA:103,2
DA:104,2
DA:105,2
DA:106,4
DA:107,8
DA:108,8
DA:109,4
DA:110,8
DA:111,4
DA:113,6
DA:114,4
DA:115,2
DA:116,4
DA:117,18
DA:118,6
DA:119,6
DA:123,4
DA:124,4
DA:125,6
DA:128,2
DA:129,2
DA:130,6
DA:131,2
DA:132,6
DA:133,4
DA:136,2
DA:139,2
DA:143,2
DA:144,2
DA:147,2
DA:148,2
DA:149,4
DA:150,6
DA:151,2
DA:156,2
DA:159,2
DA:160,2
DA:161,6
DA:162,4
DA:163,8
DA:164,4
DA:165,3
DA:166,10
DA:172,2
DA:173,2
DA:174,6
DA:175,4
DA:176,8
DA:177,4
DA:178,3
DA:179,10
DA:185,2
DA:186,2
DA:187,2
DA:188,2
DA:189,4
DA:191,4
DA:192,6
DA:194,4
DA:195,2
DA:196,2
DA:197,6
DA:198,4
DA:199,2
DA:200,2
DA:201,2
DA:202,6
DA:203,2
DA:204,2
DA:205,2
DA:206,14
DA:216,2
DA:217,2
DA:218,2
DA:219,2
DA:221,2
DA:222,2
DA:223,2
DA:224,2
DA:225,2
DA:226,2
DA:227,6
DA:228,6
DA:229,4
DA:230,2
DA:231,8
DA:232,4
DA:233,2
DA:234,2
DA:235,2
DA:236,2
DA:237,2
DA:244,2
DA:245,2
DA:246,2
DA:247,4
DA:248,6
DA:249,8
DA:252,2
DA:253,2
DA:254,4
DA:255,4
DA:256,4
DA:257,16
DA:259,8
DA:260,8
DA:262,2
DA:263,4
DA:264,4
DA:266,4
DA:267,8
DA:268,4
DA:269,6
DA:273,2
DA:274,2
DA:275,2
DA:276,4
DA:277,14
DA:278,6
DA:280,6
DA:283,6
DA:284,6
DA:285,4
DA:286,14
DA:287,14
DA:289,8
DA:290,8
DA:291,4
DA:292,4
DA:293,8
DA:294,4
DA:295,14
DA:296,10
DA:298,10
DA:303,2
DA:305,4
DA:306,4
DA:307,4
DA:308,6
DA:309,6
DA:310,6
DA:311,6
DA:313,2
DA:314,2
DA:315,2
DA:316,2
DA:317,2
DA:318,2
DA:321,2
DA:324,4
DA:325,4
DA:326,4
DA:327,4
DA:329,2
DA:330,2
DA:331,2
DA:332,4
DA:333,2
DA:334,14
DA:335,4
DA:336,4
DA:337,2
DA:338,4
DA:339,4
DA:340,2
DA:341,2
DA:342,2
DA:343,2
DA:344,10
DA:345,4
DA:351,2
DA:352,2
DA:353,4
DA:354,2
DA:355,14
DA:356,4
DA:357,4
DA:358,2
DA:359,4
DA:360,4
DA:361,2
DA:362,2
DA:363,2
DA:364,2
DA:365,10
DA:366,2
DA:374,2
DA:375,2
DA:378,2
DA:380,2
DA:381,2
DA:382,2
DA:383,2
DA:384,2
DA:386,4
DA:389,2
DA:391,2
DA:392,2
DA:393,2
DA:394,2
DA:395,2
DA:399,2
DA:400,4
DA:401,2
DA:403,4
DA:404,2
DA:407,2
DA:408,2
DA:410,4
DA:411,6
DA:412,6
DA:415,2
DA:423,2
DA:424,4
DA:425,4
DA:426,4
DA:429,4
DA:430,4
DA:434,0
DA:436,0
DA:437,0
LF:227
LH:224
end_of_record
